<?xml version="1.0" encoding="UTF-8"?>
<!-- Generated by org.testng.reporters.JUnitReportReporter -->
<testsuite skipped="0" hostname="HPDV6" name="TestValidateTitles" tests="1" failures="0" timestamp="12 Sep 2018 06:07:18 GMT" time="0.022" errors="0">
  <testcase name="ValidteTitle" time="0.022" classname="TestValidateTitles"/>
</testsuite> <!-- TestValidateTitles -->
