<?xml version="1.0" encoding="UTF-8"?>
<!-- Generated by org.testng.reporters.JUnitReportReporter -->
<testsuite skipped="0" hostname="HPDV6" name="DataFeed.CP.DataFeedingOstia" tests="23" failures="0" timestamp="04 Jan 2018 18:29:21 GMT" time="329.317" errors="0">
  <testcase name="enterdata" time="14.421" classname="DataFeed.CP.DataFeedingOstia"/>
  <testcase name="enterdata" time="14.218" classname="DataFeed.CP.DataFeedingOstia"/>
  <testcase name="enterdata" time="13.609" classname="DataFeed.CP.DataFeedingOstia"/>
  <testcase name="enterdata" time="14.614" classname="DataFeed.CP.DataFeedingOstia"/>
  <testcase name="enterdata" time="14.129" classname="DataFeed.CP.DataFeedingOstia"/>
  <testcase name="enterdata" time="15.119" classname="DataFeed.CP.DataFeedingOstia"/>
  <testcase name="enterdata" time="14.447" classname="DataFeed.CP.DataFeedingOstia"/>
  <testcase name="enterdata" time="14.474" classname="DataFeed.CP.DataFeedingOstia"/>
  <testcase name="enterdata" time="14.375" classname="DataFeed.CP.DataFeedingOstia"/>
  <testcase name="enterdata" time="13.068" classname="DataFeed.CP.DataFeedingOstia"/>
  <testcase name="enterdata" time="14.304" classname="DataFeed.CP.DataFeedingOstia"/>
  <testcase name="enterdata" time="13.657" classname="DataFeed.CP.DataFeedingOstia"/>
  <testcase name="enterdata" time="16.223" classname="DataFeed.CP.DataFeedingOstia"/>
  <testcase name="enterdata" time="13.889" classname="DataFeed.CP.DataFeedingOstia"/>
  <testcase name="enterdata" time="14.688" classname="DataFeed.CP.DataFeedingOstia"/>
  <testcase name="enterdata" time="14.100" classname="DataFeed.CP.DataFeedingOstia"/>
  <testcase name="enterdata" time="14.816" classname="DataFeed.CP.DataFeedingOstia"/>
  <testcase name="enterdata" time="14.201" classname="DataFeed.CP.DataFeedingOstia"/>
  <testcase name="enterdata" time="13.392" classname="DataFeed.CP.DataFeedingOstia"/>
  <testcase name="enterdata" time="14.521" classname="DataFeed.CP.DataFeedingOstia"/>
  <testcase name="enterdata" time="14.899" classname="DataFeed.CP.DataFeedingOstia"/>
  <testcase name="enterdata" time="14.019" classname="DataFeed.CP.DataFeedingOstia"/>
  <testcase name="enterdata" time="14.134" classname="DataFeed.CP.DataFeedingOstia"/>
</testsuite> <!-- DataFeed.CP.DataFeedingOstia -->
