<?xml version="1.0" encoding="UTF-8"?>
<!-- Generated by org.testng.reporters.JUnitReportReporter -->
<testsuite skipped="0" hostname="HPDV6" name="DataFeed.CP.DataFeedingChrome" tests="5" failures="0" timestamp="02 Jan 2018 19:20:59 GMT" time="61.955" errors="0">
  <testcase name="enterdata" time="12.536" classname="DataFeed.CP.DataFeedingChrome"/>
  <testcase name="enterdata" time="11.814" classname="DataFeed.CP.DataFeedingChrome"/>
  <testcase name="enterdata" time="12.234" classname="DataFeed.CP.DataFeedingChrome"/>
  <testcase name="enterdata" time="14.108" classname="DataFeed.CP.DataFeedingChrome"/>
  <testcase name="enterdata" time="11.263" classname="DataFeed.CP.DataFeedingChrome"/>
</testsuite> <!-- DataFeed.CP.DataFeedingChrome -->
