<?xml version="1.0" encoding="UTF-8"?>
<!-- Generated by org.testng.reporters.JUnitReportReporter -->
<testsuite hostname="Selenium-HP" name="TestParameterization" tests="4" failures="0" timestamp="29 Aug 2015 16:42:45 GMT" time="8.076" errors="0">
  <testcase name="testData" time="1.431" classname="TestParameterization"/>
  <testcase name="testData" time="1.386" classname="TestParameterization"/>
  <testcase name="testData" time="3.575" classname="TestParameterization"/>
  <testcase name="testData" time="1.684" classname="TestParameterization"/>
</testsuite> <!-- TestParameterization -->
