<?xml version="1.0" encoding="UTF-8"?>
<!-- Generated by org.testng.reporters.JUnitReportReporter -->
<testsuite hostname="RizanLenovo" name="TestCase2" tests="4" failures="0" timestamp="30 May 2017 09:42:05 GMT" time="0.004" errors="0">
  <testcase name="three" time="0.001" classname="TestCase2"/>
  <testcase name="one" time="0.001" classname="TestCase2"/>
  <testcase name="two" time="0.001" classname="TestCase2"/>
  <testcase name="four" time="0.001" classname="TestCase2"/>
</testsuite> <!-- TestCase2 -->
