<?xml version="1.0" encoding="UTF-8"?>
<!-- Generated by org.testng.reporters.JUnitReportReporter -->
<testsuite hostname="RizanLenovo" name="TestCase1" tests="1" failures="0" timestamp="30 May 2017 09:42:05 GMT" time="0.025" errors="0">
  <testcase name="userRegTest" time="0.025" classname="TestCase1"/>
</testsuite> <!-- TestCase1 -->
