<?xml version="1.0" encoding="UTF-8"?>
<!-- Generated by org.testng.reporters.JUnitReportReporter -->
<testsuite hostname="RizanLenovo" name="TestNG_capture" tests="1" failures="0" timestamp="21 May 2017 16:54:34 GMT" time="0.001" errors="0">
  <testcase name="test" time="0.001" classname="TestNG_capture"/>
</testsuite> <!-- TestNG_capture -->
