<?xml version="1.0" encoding="UTF-8"?>
<!-- Generated by org.testng.reporters.JUnitReportReporter -->
<testsuite hostname="RizanLenovo" name="NewTest" tests="4" failures="0" timestamp="20 Oct 2016 06:38:20 GMT" time="0.006" errors="0">
  <testcase name="Test2" time="0.003" classname="NewTest"/>
  <testcase name="f" time="0.000" classname="NewTest"/>
  <testcase name="f" time="0.002" classname="NewTest"/>
  <testcase name="Test1" time="0.001" classname="NewTest"/>
</testsuite> <!-- NewTest -->
